<?xml version="1.0" encoding="UTF-8"?>
<!-- Generated by org.testng.reporters.JUnitReportReporter -->
<testsuite hostname="DESKTOP-TSSL51R" failures="0" tests="5" name="org.amazonportal.MobilePurchase" time="0.012" errors="0" timestamp="01 Dec 2022 10:43:13 GMT" skipped="0">
  <testcase classname="org.amazonportal.MobilePurchase" name="test1" time="0.005"/>
  <testcase classname="org.amazonportal.MobilePurchase" name="test5" time="0.002"/>
  <testcase classname="org.amazonportal.MobilePurchase" name="test4" time="0.001"/>
  <testcase classname="org.amazonportal.MobilePurchase" name="test2" time="0.002"/>
  <testcase classname="org.amazonportal.MobilePurchase" name="test3" time="0.002"/>
</testsuite> <!-- org.amazonportal.MobilePurchase -->
