<?xml version="1.0" encoding="UTF-8"?>
<!-- Generated by org.testng.reporters.JUnitReportReporter -->
<testsuite hostname="DESKTOP-TSSL51R" failures="0" tests="7" name="org.amazonportal.MobileOrder" time="28.970" errors="0" timestamp="02 Dec 2022 10:48:12 GMT" skipped="0">
  <testcase classname="org.amazonportal.MobileOrder" name="launch" time="3.679"/>
  <testcase classname="org.amazonportal.MobileOrder" name="search" time="6.483"/>
  <testcase classname="org.amazonportal.MobileOrder" name="selectMobile" time="4.490"/>
  <testcase classname="org.amazonportal.MobileOrder" name="windowHandle" time="3.472"/>
  <testcase classname="org.amazonportal.MobileOrder" name="exceloperation" time="7.447"/>
  <testcase classname="org.amazonportal.MobileOrder" name="addTocart" time="3.346"/>
  <testcase classname="org.amazonportal.MobileOrder" name="refresh" time="0.053"/>
</testsuite> <!-- org.amazonportal.MobileOrder -->
